2015-02-26-20:47:37----Delete successed!
2015-02-26-20:48:32----Delete successed!
2015-02-26-20:49:43----Delete successed!
2015-02-26-20:50:06----Delete successed!
2015-02-26-20:50:16----Delete successed!
2015-02-26-22:04:52----Delete successed!
2015-02-26-22:06:49----Delete successed!
2015-02-26-22:07:18----Delete successed!
2015-02-26-22:07:32----Delete successed!
2015-02-26-22:08:44----Delete successed!
2015-02-26-22:08:44----Delete successed!
2015-02-26-22:08:45----Delete successed!
2015-02-27-11:37:55----Delete the /home/svnroot/repos/develop/2014-test3
2015-02-27-11:37:55----Delete /home/svnroot/repos/develop/2014-test3 successed!
2015-02-27-13:22:00----Delete the /home/svnroot/repos/develop/2014-test8
2015-02-27-13:22:00----Delete /home/svnroot/repos/develop/2014-test8 successed!
2015-02-27-13:22:05----Delete the /home/svnroot/repos/develop/2014-test7
2015-02-27-13:22:05----Delete /home/svnroot/repos/develop/2014-test7 successed!
2015-02-27-13:22:07----Delete the /home/svnroot/repos/manage/2014-test6
2015-02-27-13:22:07----Delete /home/svnroot/repos/manage/2014-test6 successed!
2015-02-27-13:22:09----Delete the /home/svnroot/repos/develop/2014-test5
2015-02-27-13:22:09----Delete /home/svnroot/repos/develop/2014-test5 successed!
2015-02-27-13:22:12----Delete the /home/svnroot/repos/develop/2014-test4
2015-02-27-13:22:12----Delete /home/svnroot/repos/develop/2014-test4 successed!
2015-02-27-13:22:25----Delete the /home/svnroot/repos/develop/2014-test2
2015-02-27-13:22:25----Delete /home/svnroot/repos/develop/2014-test2 successed!
2015-02-28-16:12:42----Delete the /home/svnroot/repos/skysoft/2012-Askey_SIPUA
/home/svnroot/repos/skyprojects/2012-Askey_SIPUA
2015-02-28-16:17:54----Delete the /home/svnroot/repos/skysoft/2012-Askey_SIPUA
2015-02-28-16:17:54----Delete /home/svnroot/repos/skysoft/2012-Askey_SIPUA successed!
