
Stop the httpd to protect the repos data from polluting
the dest repo's name is:2014-test1
the old version is 44
the latest version is 44
2015-03-23-22:40:33-----Skip the /home/svnroot/repos/develop/2014-test1: This repository not been updated yet.So we wont dump it again.
the dest repo's name is:2014-test2
the old version is 6
the latest version is 6
2015-03-23-22:40:35-----Skip the /home/svnroot/repos/develop/2014-test2: This repository not been updated yet.So we wont dump it again.
the dest repo's name is:2014-test3
the old version is 3
the latest version is 3
2015-03-23-22:40:37-----Skip the /home/svnroot/repos/develop/2014-test3: This repository not been updated yet.So we wont dump it again.
the dest repo's name is:2014-test4
the old version is 1
the latest version is 1
2015-03-23-22:40:39-----Skip the /home/svnroot/repos/develop/2014-test4: This repository not been updated yet.So we wont dump it again.
the dest repo's name is:2014-test5
the old version is 0
the latest version is 0
2015-03-23-22:40:41-----Skip the /home/svnroot/repos/develop/2014-test5: This repository not been updated yet.So we wont dump it again.
the dest repo's name is:2014-test6
the old version is 0
the latest version is 0
2015-03-23-22:40:43-----Skip the /home/svnroot/repos/develop/2014-test6: This repository not been updated yet.So we wont dump it again.
the dest repo's name is:2014-test7
the old version is 0
the latest version is 0
2015-03-23-22:40:45-----Skip the /home/svnroot/repos/develop/2014-test7: This repository not been updated yet.So we wont dump it again.
the dest repo's name is:2014-test8
the old version is 1
the latest version is 1
2015-03-23-22:40:47-----Skip the /home/svnroot/repos/develop/2014-test8: This repository not been updated yet.So we wont dump it again.
the dest repo's name is:2014-test9
the old version is 0
the latest version is 0
2015-03-23-22:40:49-----Skip the /home/svnroot/repos/develop/2014-test9: This repository not been updated yet.So we wont dump it again.
Start the httpd
Httpd started successfully!

Stop the httpd to protect the repos data from polluting
the dest repo's name is:2014-test1
2015-03-23-22:42:24-----Skip the /home/svnroot/repos/develop/2014-test1: This repository not been updated yet.So we wont dump it again.
the dest repo's name is:2014-test2
2015-03-23-22:42:26-----Skip the /home/svnroot/repos/develop/2014-test2: This repository not been updated yet.So we wont dump it again.
the dest repo's name is:2014-test3
2015-03-23-22:42:28-----Skip the /home/svnroot/repos/develop/2014-test3: This repository not been updated yet.So we wont dump it again.
the dest repo's name is:2014-test4
2015-03-23-22:42:30-----Skip the /home/svnroot/repos/develop/2014-test4: This repository not been updated yet.So we wont dump it again.
the dest repo's name is:2014-test5
2015-03-23-22:42:32-----Skip the /home/svnroot/repos/develop/2014-test5: This repository not been updated yet.So we wont dump it again.
the dest repo's name is:2014-test6
2015-03-23-22:42:34-----Skip the /home/svnroot/repos/develop/2014-test6: This repository not been updated yet.So we wont dump it again.
the dest repo's name is:2014-test7
2015-03-23-22:42:36-----Skip the /home/svnroot/repos/develop/2014-test7: This repository not been updated yet.So we wont dump it again.
Stop the httpd to protect the repos data from polluting
2015-03-23-22:43:37-----Skip the /home/svnroot/repos/develop/2014-test1: This repository not been updated yet.So we wont dump it again.
2015-03-23-22:43:39-----Skip the /home/svnroot/repos/develop/2014-test2: This repository not been updated yet.So we wont dump it again.
2015-03-23-22:43:41-----Skip the /home/svnroot/repos/develop/2014-test3: This repository not been updated yet.So we wont dump it again.
2015-03-23-22:43:43-----Skip the /home/svnroot/repos/develop/2014-test4: This repository not been updated yet.So we wont dump it again.
2015-03-23-22:43:45-----Skip the /home/svnroot/repos/develop/2014-test5: This repository not been updated yet.So we wont dump it again.
2015-03-23-22:43:47-----Skip the /home/svnroot/repos/develop/2014-test6: This repository not been updated yet.So we wont dump it again.
2015-03-23-22:43:49-----Skip the /home/svnroot/repos/develop/2014-test7: This repository not been updated yet.So we wont dump it again.
2015-03-23-22:43:51-----Skip the /home/svnroot/repos/develop/2014-test8: This repository not been updated yet.So we wont dump it again.
2015-03-23-22:43:53-----Skip the /home/svnroot/repos/develop/2014-test9: This repository not been updated yet.So we wont dump it again.
Start the httpd
Httpd started successfully!

